<?xml version="1.0" encoding="UTF-8"?>
<testsuite xmlns:xsi="http://www.w3.org/2001/XMLSchema-instance" xsi:noNamespaceSchemaLocation="https://maven.apache.org/surefire/maven-surefire-plugin/xsd/surefire-test-report-3.0.xsd" version="3.0" name="TestSuite" time="10.2" tests="4" errors="0" skipped="0" failures="0">
  <properties>
[...]
</properties>
  <testcase name="testCreateUser" classname="api.testcases.UserTest" time="3.056">
    <system-out><![CDATA[On Start method invoked....
Name of test method started:testCreateUser
HTTP/1.1 200 OK
Date: Sat, 02 Sep 2023 04:26:51 GMT
Content-Type: application/json
Transfer-Encoding: chunked
Connection: keep-alive
Access-Control-Allow-Origin: *
Access-Control-Allow-Methods: GET, POST, DELETE, PUT
Access-Control-Allow-Headers: Content-Type, api_key, Authorization
Server: Jetty(9.2.9.v20150224)

{
    "code": 200,
    "type": "unknown",
    "message": "787361897"
}
[INFO ] 2023-09-02 09:56:51.364 [main] RestAssuredAutomationFramework_test - Create User executed.
Name of test method sucessfully executed:testCreateUser
]]></system-out>
    <system-err><![CDATA[SLF4J: Failed to load class "org.slf4j.impl.StaticLoggerBinder".
SLF4J: Defaulting to no-operation (NOP) logger implementation
SLF4J: See http://www.slf4j.org/codes.html#StaticLoggerBinder for further details.
]]></system-err>
  </testcase>
  <testcase name="testGetUserData" classname="api.testcases.UserTest" time="1.448">
    <system-out><![CDATA[Name of test method started:testGetUserData
Read User Data.
HTTP/1.1 200 OK
Date: Sat, 02 Sep 2023 04:26:53 GMT
Content-Type: application/json
Transfer-Encoding: chunked
Connection: keep-alive
Access-Control-Allow-Origin: *
Access-Control-Allow-Methods: GET, POST, DELETE, PUT
Access-Control-Allow-Headers: Content-Type, api_key, Authorization
Server: Jetty(9.2.9.v20150224)

{
    "id": 787361897,
    "username": "lorenzo.predovic",
    "firstName": "Coleman",
    "lastName": "Nicolas",
    "email": "maragret.feil@example.com",
    "password": "8kt8f",
    "phone": "(188) 990-4100",
    "userStatus": 0
}
[INFO ] 2023-09-02 09:56:52.837 [main] RestAssuredAutomationFramework_test - Get User Data executed.
Name of test method sucessfully executed:testGetUserData
]]></system-out>
  </testcase>
  <testcase name="testUpdateUser" classname="api.testcases.UserTest" time="2.964">
    <system-out><![CDATA[Name of test method started:testUpdateUser
HTTP/1.1 200 OK
Date: Sat, 02 Sep 2023 04:26:54 GMT
Content-Type: application/json
Transfer-Encoding: chunked
Connection: keep-alive
Access-Control-Allow-Origin: *
Access-Control-Allow-Methods: GET, POST, DELETE, PUT
Access-Control-Allow-Headers: Content-Type, api_key, Authorization
Server: Jetty(9.2.9.v20150224)

{
    "code": 200,
    "type": "unknown",
    "message": "787361897"
}
After Update User Data.
HTTP/1.1 200 OK
Date: Sat, 02 Sep 2023 04:26:56 GMT
Content-Type: application/json
Transfer-Encoding: chunked
Connection: keep-alive
Access-Control-Allow-Origin: *
Access-Control-Allow-Methods: GET, POST, DELETE, PUT
Access-Control-Allow-Headers: Content-Type, api_key, Authorization
Server: Jetty(9.2.9.v20150224)

{
    "id": 787361897,
    "username": "lorenzo.predovic",
    "firstName": "Shaniqua",
    "lastName": "Nicolas",
    "email": "maragret.feil@example.com",
    "password": "8kt8f",
    "phone": "(188) 990-4100",
    "userStatus": 0
}
[INFO ] 2023-09-02 09:56:55.802 [main] RestAssuredAutomationFramework_test - Update User executed.
Name of test method sucessfully executed:testUpdateUser
]]></system-out>
  </testcase>
  <testcase name="testDeleteUser" classname="api.testcases.UserTest" time="1.331">
    <system-out><![CDATA[Name of test method started:testDeleteUser
Delete User Data.
HTTP/1.1 200 OK
Date: Sat, 02 Sep 2023 04:26:57 GMT
Content-Type: application/json
Transfer-Encoding: chunked
Connection: keep-alive
Access-Control-Allow-Origin: *
Access-Control-Allow-Methods: GET, POST, DELETE, PUT
Access-Control-Allow-Headers: Content-Type, api_key, Authorization
Server: Jetty(9.2.9.v20150224)

{
    "code": 200,
    "type": "unknown",
    "message": "lorenzo.predovic"
}
[INFO ] 2023-09-02 09:56:57.132 [main] RestAssuredAutomationFramework_test - Delete User executed.
Name of test method sucessfully executed:testDeleteUser
]]></system-out>
  </testcase>
</testsuite>